#! /usr/local/bin/vvp
:ivl_version "13.0 (devel)" "(s20221226-533-g676b36e45)";
:ivl_delay_selection "TYPICAL";
:vpi_time_precision + 0;
:vpi_module "/usr/local/lib/ivl/system.vpi";
:vpi_module "/usr/local/lib/ivl/vhdl_sys.vpi";
:vpi_module "/usr/local/lib/ivl/vhdl_textio.vpi";
:vpi_module "/usr/local/lib/ivl/v2005_math.vpi";
:vpi_module "/usr/local/lib/ivl/va_math.vpi";
S_0x2465df60 .scope module, "tb_ArithmeticUnit" "tb_ArithmeticUnit" 2 1;
 .timescale 0 0;
P_0x2465e0f0 .param/l "WIDTH" 0 2 4, +C4<00000000000000000000000000001000>;
v0x246ac820_0 .var "a", 7 0;
v0x246ac900_0 .var "b", 7 0;
v0x246ac9d0_0 .var "op", 1 0;
v0x246acad0_0 .net "result", 15 0, v0x246ac690_0;  1 drivers
S_0x2465e190 .scope module, "uut" "ArithmeticUnit" 2 14, 3 1 0, S_0x2465df60;
 .timescale 0 0;
    .port_info 0 /INPUT 8 "a";
    .port_info 1 /INPUT 8 "b";
    .port_info 2 /INPUT 2 "op";
    .port_info 3 /OUTPUT 16 "result";
P_0x2465e370 .param/l "WIDTH" 0 3 2, +C4<00000000000000000000000000001000>;
v0x24686380_0 .net "a", 7 0, v0x246ac820_0;  1 drivers
v0x246ac4c0_0 .net "b", 7 0, v0x246ac900_0;  1 drivers
v0x246ac5a0_0 .net "op", 1 0, v0x246ac9d0_0;  1 drivers
v0x246ac690_0 .var "result", 15 0;
E_0x246998e0 .event anyedge, v0x246ac5a0_0, v0x24686380_0, v0x246ac4c0_0;
    .scope S_0x2465e190;
T_0 ;
    %wait E_0x246998e0;
    %load/vec4 v0x246ac5a0_0;
    %dup/vec4;
    %pushi/vec4 0, 0, 2;
    %cmp/u;
    %jmp/1 T_0.0, 6;
    %dup/vec4;
    %pushi/vec4 1, 0, 2;
    %cmp/u;
    %jmp/1 T_0.1, 6;
    %dup/vec4;
    %pushi/vec4 2, 0, 2;
    %cmp/u;
    %jmp/1 T_0.2, 6;
    %pushi/vec4 0, 0, 16;
    %store/vec4 v0x246ac690_0, 0, 16;
    %jmp T_0.4;
T_0.0 ;
    %load/vec4 v0x24686380_0;
    %pad/u 16;
    %load/vec4 v0x246ac4c0_0;
    %pad/u 16;
    %add;
    %store/vec4 v0x246ac690_0, 0, 16;
    %jmp T_0.4;
T_0.1 ;
    %load/vec4 v0x24686380_0;
    %pad/u 16;
    %load/vec4 v0x246ac4c0_0;
    %pad/u 16;
    %sub;
    %store/vec4 v0x246ac690_0, 0, 16;
    %jmp T_0.4;
T_0.2 ;
    %load/vec4 v0x24686380_0;
    %pad/u 16;
    %load/vec4 v0x246ac4c0_0;
    %pad/u 16;
    %mul;
    %store/vec4 v0x246ac690_0, 0, 16;
    %jmp T_0.4;
T_0.4 ;
    %pop/vec4 1;
    %jmp T_0;
    .thread T_0, $push;
    .scope S_0x2465df60;
T_1 ;
    %vpi_call 2 29 "$dumpfile", "output/ArithmeticUnit.vcd" {0 0 0};
    %vpi_call 2 30 "$dumpvars", 32'sb00000000000000000000000000000000, S_0x2465df60 {0 0 0};
    %pushi/vec4 15, 0, 8;
    %store/vec4 v0x246ac820_0, 0, 8;
    %pushi/vec4 1, 0, 8;
    %store/vec4 v0x246ac900_0, 0, 8;
    %pushi/vec4 0, 0, 2;
    %store/vec4 v0x246ac9d0_0, 0, 2;
    %delay 10, 0;
    %pushi/vec4 15, 0, 8;
    %store/vec4 v0x246ac820_0, 0, 8;
    %pushi/vec4 1, 0, 8;
    %store/vec4 v0x246ac900_0, 0, 8;
    %pushi/vec4 1, 0, 2;
    %store/vec4 v0x246ac9d0_0, 0, 2;
    %delay 10, 0;
    %pushi/vec4 3, 0, 8;
    %store/vec4 v0x246ac820_0, 0, 8;
    %pushi/vec4 2, 0, 8;
    %store/vec4 v0x246ac900_0, 0, 8;
    %pushi/vec4 2, 0, 2;
    %store/vec4 v0x246ac9d0_0, 0, 2;
    %delay 10, 0;
    %pushi/vec4 15, 0, 8;
    %store/vec4 v0x246ac820_0, 0, 8;
    %pushi/vec4 1, 0, 8;
    %store/vec4 v0x246ac900_0, 0, 8;
    %pushi/vec4 3, 0, 2;
    %store/vec4 v0x246ac9d0_0, 0, 2;
    %delay 10, 0;
    %vpi_call 2 49 "$finish" {0 0 0};
    %end;
    .thread T_1;
# The file index is used to find the file name in the following table.
:file_names 4;
    "N/A";
    "<interactive>";
    "/src/testbench.v";
    "/src/your_design.v";
