#! /usr/local/bin/vvp
:ivl_version "13.0 (devel)" "(s20221226-533-g676b36e45)";
:ivl_delay_selection "TYPICAL";
:vpi_time_precision + 0;
:vpi_module "/usr/local/lib/ivl/system.vpi";
:vpi_module "/usr/local/lib/ivl/vhdl_sys.vpi";
:vpi_module "/usr/local/lib/ivl/vhdl_textio.vpi";
:vpi_module "/usr/local/lib/ivl/v2005_math.vpi";
:vpi_module "/usr/local/lib/ivl/va_math.vpi";
S_0xaa6ef30 .scope module, "ParityGenerator" "ParityGenerator" 2 16;
 .timescale 0 0;
    .port_info 0 /INPUT 8 "data_in";
    .port_info 1 /OUTPUT 1 "parity_bit";
o0x7fc18557f018 .functor BUFZ 8, c4<zzzzzzzz>; HiZ drive
v0xaa6f250_0 .net "data_in", 7 0, o0x7fc18557f018;  0 drivers
v0xaabb6f0_0 .net "parity_bit", 0 0, L_0xaabc050;  1 drivers
L_0xaabc050 .reduce/xor o0x7fc18557f018;
S_0xaa6f0c0 .scope module, "tb_ParityCheck" "tb_ParityCheck" 3 1;
 .timescale 0 0;
v0xaabbe20_0 .var "data", 7 0;
v0xaabbee0_0 .net "error", 0 0, L_0xaabc270;  1 drivers
v0xaabbf80_0 .var "parity", 0 0;
S_0xaabb810 .scope module, "uut" "ParityChecker" 3 6, 2 1 0, S_0xaa6f0c0;
 .timescale 0 0;
    .port_info 0 /INPUT 8 "data_in";
    .port_info 1 /INPUT 1 "parity_bit";
    .port_info 2 /OUTPUT 1 "error";
L_0xaabc270 .functor XOR 1, L_0xaabc150, v0xaabbf80_0, C4<0>, C4<0>;
v0xaabba80_0 .net "computed_parity", 0 0, L_0xaabc150;  1 drivers
v0xaabbb60_0 .net "data_in", 7 0, v0xaabbe20_0;  1 drivers
v0xaabbc40_0 .net "error", 0 0, L_0xaabc270;  alias, 1 drivers
v0xaabbce0_0 .net "parity_bit", 0 0, v0xaabbf80_0;  1 drivers
L_0xaabc150 .reduce/xor v0xaabbe20_0;
    .scope S_0xaa6f0c0;
T_0 ;
    %pushi/vec4 170, 0, 8;
    %store/vec4 v0xaabbe20_0, 0, 8;
    %load/vec4 v0xaabbe20_0;
    %xor/r;
    %store/vec4 v0xaabbf80_0, 0, 1;
    %delay 10, 0;
    %vpi_call 3 17 "$display", "Data: %b, Parity: %b, Error: %b", v0xaabbe20_0, v0xaabbf80_0, v0xaabbee0_0 {0 0 0};
    %pushi/vec4 171, 0, 8;
    %store/vec4 v0xaabbe20_0, 0, 8;
    %pushi/vec4 0, 0, 1;
    %store/vec4 v0xaabbf80_0, 0, 1;
    %delay 10, 0;
    %vpi_call 3 23 "$display", "Data: %b, Parity: %b, Error: %b", v0xaabbe20_0, v0xaabbf80_0, v0xaabbee0_0 {0 0 0};
    %vpi_call 3 25 "$stop" {0 0 0};
    %end;
    .thread T_0;
    .scope S_0xaa6f0c0;
T_1 ;
    %vpi_call 3 28 "$dumpfile", "output/tb_ParityCheck.vcd" {0 0 0};
    %vpi_call 3 29 "$dumpvars", 32'sb00000000000000000000000000000000, S_0xaa6f0c0 {0 0 0};
    %end;
    .thread T_1;
# The file index is used to find the file name in the following table.
:file_names 4;
    "N/A";
    "<interactive>";
    "/src/your_design.v";
    "/src/testbench.v";
