#! /usr/local/bin/vvp
:ivl_version "13.0 (devel)" "(s20221226-533-g676b36e45)";
:ivl_delay_selection "TYPICAL";
:vpi_time_precision - 12;
:vpi_module "/usr/local/lib/ivl/system.vpi";
:vpi_module "/usr/local/lib/ivl/vhdl_sys.vpi";
:vpi_module "/usr/local/lib/ivl/vhdl_textio.vpi";
:vpi_module "/usr/local/lib/ivl/v2005_math.vpi";
:vpi_module "/usr/local/lib/ivl/va_math.vpi";
S_0x36b54f30 .scope module, "two_stage_sync_tb" "two_stage_sync_tb" 2 4;
 .timescale -9 -12;
v0x36ba6d70_0 .var "clk_a", 0 0;
v0x36ba6e30_0 .var "clk_b", 0 0;
v0x36ba6f00_0 .var "rst_a", 0 0;
v0x36ba7000_0 .var "rst_b", 0 0;
v0x36ba70d0_0 .var "signal_a", 0 0;
v0x36ba7170_0 .net "signal_b", 0 0, v0x36ba6a70_0;  1 drivers
S_0x36b550c0 .scope module, "dut" "two_stage_sync" 2 11, 3 1 0, S_0x36b54f30;
 .timescale -9 -12;
    .port_info 0 /INPUT 1 "clk_a";
    .port_info 1 /INPUT 1 "rst_a";
    .port_info 2 /INPUT 1 "signal_a";
    .port_info 3 /INPUT 1 "clk_b";
    .port_info 4 /INPUT 1 "rst_b";
    .port_info 5 /OUTPUT 1 "signal_b";
v0x36b55340_0 .net "clk_a", 0 0, v0x36ba6d70_0;  1 drivers
v0x36ba6680_0 .net "clk_b", 0 0, v0x36ba6e30_0;  1 drivers
v0x36ba6740_0 .net "rst_a", 0 0, v0x36ba6f00_0;  1 drivers
v0x36ba67e0_0 .net "rst_b", 0 0, v0x36ba7000_0;  1 drivers
v0x36ba68a0_0 .net "signal_a", 0 0, v0x36ba70d0_0;  1 drivers
v0x36ba69b0_0 .var "signal_a_ff", 0 0;
v0x36ba6a70_0 .var "signal_b", 0 0;
v0x36ba6b30_0 .var "sync_1", 0 0;
v0x36ba6bf0_0 .var "sync_2", 0 0;
E_0x36b921c0 .event posedge, v0x36ba67e0_0, v0x36ba6680_0;
E_0x36b92340 .event posedge, v0x36ba6740_0, v0x36b55340_0;
    .scope S_0x36b550c0;
T_0 ;
    %wait E_0x36b92340;
    %load/vec4 v0x36ba6740_0;
    %flag_set/vec4 8;
    %jmp/0xz  T_0.0, 8;
    %pushi/vec4 0, 0, 1;
    %assign/vec4 v0x36ba69b0_0, 0;
    %jmp T_0.1;
T_0.0 ;
    %load/vec4 v0x36ba68a0_0;
    %assign/vec4 v0x36ba69b0_0, 0;
T_0.1 ;
    %jmp T_0;
    .thread T_0;
    .scope S_0x36b550c0;
T_1 ;
    %wait E_0x36b921c0;
    %load/vec4 v0x36ba67e0_0;
    %flag_set/vec4 8;
    %jmp/0xz  T_1.0, 8;
    %pushi/vec4 0, 0, 1;
    %assign/vec4 v0x36ba6b30_0, 0;
    %pushi/vec4 0, 0, 1;
    %assign/vec4 v0x36ba6bf0_0, 0;
    %pushi/vec4 0, 0, 1;
    %assign/vec4 v0x36ba6a70_0, 0;
    %jmp T_1.1;
T_1.0 ;
    %load/vec4 v0x36ba69b0_0;
    %assign/vec4 v0x36ba6b30_0, 0;
    %load/vec4 v0x36ba6b30_0;
    %assign/vec4 v0x36ba6bf0_0, 0;
    %load/vec4 v0x36ba6bf0_0;
    %assign/vec4 v0x36ba6a70_0, 0;
T_1.1 ;
    %jmp T_1;
    .thread T_1;
    .scope S_0x36b54f30;
T_2 ;
    %delay 5000, 0;
    %load/vec4 v0x36ba6d70_0;
    %inv;
    %store/vec4 v0x36ba6d70_0, 0, 1;
    %jmp T_2;
    .thread T_2;
    .scope S_0x36b54f30;
T_3 ;
    %delay 7000, 0;
    %load/vec4 v0x36ba6e30_0;
    %inv;
    %store/vec4 v0x36ba6e30_0, 0, 1;
    %jmp T_3;
    .thread T_3;
    .scope S_0x36b54f30;
T_4 ;
    %vpi_call 2 24 "$dumpfile", "output/two_stage_sync_tb.vcd" {0 0 0};
    %vpi_call 2 25 "$dumpvars", 32'sb00000000000000000000000000000000, S_0x36b54f30 {0 0 0};
    %end;
    .thread T_4;
    .scope S_0x36b54f30;
T_5 ;
    %pushi/vec4 0, 0, 1;
    %store/vec4 v0x36ba6d70_0, 0, 1;
    %pushi/vec4 0, 0, 1;
    %store/vec4 v0x36ba6e30_0, 0, 1;
    %pushi/vec4 1, 0, 1;
    %store/vec4 v0x36ba6f00_0, 0, 1;
    %pushi/vec4 1, 0, 1;
    %store/vec4 v0x36ba7000_0, 0, 1;
    %pushi/vec4 0, 0, 1;
    %store/vec4 v0x36ba70d0_0, 0, 1;
    %delay 20000, 0;
    %pushi/vec4 0, 0, 1;
    %store/vec4 v0x36ba6f00_0, 0, 1;
    %delay 20000, 0;
    %pushi/vec4 0, 0, 1;
    %store/vec4 v0x36ba7000_0, 0, 1;
    %delay 30000, 0;
    %pushi/vec4 1, 0, 1;
    %store/vec4 v0x36ba70d0_0, 0, 1;
    %delay 20000, 0;
    %pushi/vec4 0, 0, 1;
    %store/vec4 v0x36ba70d0_0, 0, 1;
    %delay 40000, 0;
    %pushi/vec4 1, 0, 1;
    %store/vec4 v0x36ba70d0_0, 0, 1;
    %delay 20000, 0;
    %pushi/vec4 0, 0, 1;
    %store/vec4 v0x36ba70d0_0, 0, 1;
    %delay 100000, 0;
    %vpi_call 2 45 "$finish" {0 0 0};
    %end;
    .thread T_5;
    .scope S_0x36b54f30;
T_6 ;
    %vpi_call 2 50 "$monitor", "%t: signal_a=%b, signal_b=%b", $time, v0x36ba70d0_0, v0x36ba7170_0 {0 0 0};
    %end;
    .thread T_6;
# The file index is used to find the file name in the following table.
:file_names 4;
    "N/A";
    "<interactive>";
    "/src/testbench.v";
    "/src/your_design.v";
