#! /usr/local/bin/vvp
:ivl_version "13.0 (devel)" "(s20221226-533-g676b36e45)";
:ivl_delay_selection "TYPICAL";
:vpi_time_precision - 12;
:vpi_module "/usr/local/lib/ivl/system.vpi";
:vpi_module "/usr/local/lib/ivl/vhdl_sys.vpi";
:vpi_module "/usr/local/lib/ivl/vhdl_textio.vpi";
:vpi_module "/usr/local/lib/ivl/v2005_math.vpi";
:vpi_module "/usr/local/lib/ivl/va_math.vpi";
S_0x298faf30 .scope module, "acc_pipeline_tb" "acc_pipeline_tb" 2 3;
 .timescale -9 -12;
v0x29955af0_0 .net "brake_out", 7 0, v0x299277b0_0;  1 drivers
v0x29955bd0_0 .var "clk", 0 0;
v0x29955ca0_0 .var "distance_to_lead", 15 0;
v0x29955da0_0 .var "lead_vehicle_speed", 15 0;
v0x29955e70_0 .var "reset", 0 0;
v0x29955f10_0 .net "throttle_out", 7 0, v0x29955850_0;  1 drivers
v0x29955fe0_0 .var "vehicle_speed", 15 0;
S_0x298fb0c0 .scope module, "uut" "acc_pipeline" 2 14, 3 1 0, S_0x298faf30;
 .timescale -9 -12;
    .port_info 0 /INPUT 1 "clk";
    .port_info 1 /INPUT 1 "reset";
    .port_info 2 /INPUT 16 "vehicle_speed";
    .port_info 3 /INPUT 16 "lead_vehicle_speed";
    .port_info 4 /INPUT 16 "distance_to_lead";
    .port_info 5 /OUTPUT 8 "throttle_out";
    .port_info 6 /OUTPUT 8 "brake_out";
v0x299277b0_0 .var "brake_out", 7 0;
v0x29954f00_0 .net "clk", 0 0, v0x29955bd0_0;  1 drivers
v0x29954fc0_0 .net "distance_to_lead", 15 0, v0x29955ca0_0;  1 drivers
v0x29955080_0 .net "lead_vehicle_speed", 15 0, v0x29955da0_0;  1 drivers
v0x29955160_0 .net "reset", 0 0, v0x29955e70_0;  1 drivers
v0x29955270_0 .var "s1_distance", 15 0;
v0x29955350_0 .var "s1_lead_speed", 15 0;
v0x29955430_0 .var "s1_vehicle_speed", 15 0;
v0x29955510_0 .var "s2_distance", 15 0;
v0x299555f0_0 .var/s "s2_rel_speed", 15 0;
v0x299556d0_0 .var "s3_brake_cmd", 0 0;
v0x29955790_0 .var "s3_throttle_cmd", 0 0;
v0x29955850_0 .var "throttle_out", 7 0;
v0x29955930_0 .net "vehicle_speed", 15 0, v0x29955fe0_0;  1 drivers
E_0x29938c10 .event posedge, v0x29955160_0, v0x29954f00_0;
    .scope S_0x298fb0c0;
T_0 ;
    %wait E_0x29938c10;
    %load/vec4 v0x29955160_0;
    %flag_set/vec4 8;
    %jmp/0xz  T_0.0, 8;
    %pushi/vec4 0, 0, 16;
    %assign/vec4 v0x29955430_0, 0;
    %pushi/vec4 0, 0, 16;
    %assign/vec4 v0x29955350_0, 0;
    %pushi/vec4 0, 0, 16;
    %assign/vec4 v0x29955270_0, 0;
    %pushi/vec4 0, 0, 16;
    %assign/vec4 v0x299555f0_0, 0;
    %pushi/vec4 0, 0, 16;
    %assign/vec4 v0x29955510_0, 0;
    %pushi/vec4 0, 0, 1;
    %assign/vec4 v0x299556d0_0, 0;
    %pushi/vec4 0, 0, 1;
    %assign/vec4 v0x29955790_0, 0;
    %pushi/vec4 0, 0, 8;
    %assign/vec4 v0x29955850_0, 0;
    %pushi/vec4 0, 0, 8;
    %assign/vec4 v0x299277b0_0, 0;
    %jmp T_0.1;
T_0.0 ;
    %load/vec4 v0x29955930_0;
    %assign/vec4 v0x29955430_0, 0;
    %load/vec4 v0x29955080_0;
    %assign/vec4 v0x29955350_0, 0;
    %load/vec4 v0x29954fc0_0;
    %assign/vec4 v0x29955270_0, 0;
    %load/vec4 v0x29955430_0;
    %load/vec4 v0x29955350_0;
    %sub;
    %assign/vec4 v0x299555f0_0, 0;
    %load/vec4 v0x29955270_0;
    %assign/vec4 v0x29955510_0, 0;
    %load/vec4 v0x29955510_0;
    %pad/u 32;
    %cmpi/u 60, 0, 32;
    %flag_get/vec4 5;
    %jmp/0 T_0.4, 5;
    %pushi/vec4 10, 0, 32;
    %load/vec4 v0x299555f0_0;
    %pad/s 32;
    %cmp/s;
    %flag_get/vec4 5;
    %and;
T_0.4;
    %flag_set/vec4 8;
    %jmp/0xz  T_0.2, 8;
    %pushi/vec4 1, 0, 1;
    %assign/vec4 v0x299556d0_0, 0;
    %pushi/vec4 0, 0, 1;
    %assign/vec4 v0x29955790_0, 0;
    %jmp T_0.3;
T_0.2 ;
    %load/vec4 v0x29955510_0;
    %pad/u 32;
    %cmpi/u 110, 0, 32;
    %flag_or 5, 4; GT is !LE
    %flag_inv 5;
    %flag_get/vec4 5;
    %jmp/0 T_0.7, 5;
    %load/vec4 v0x299555f0_0;
    %pad/s 32;
    %cmpi/s 4294967286, 0, 32;
    %flag_get/vec4 5;
    %and;
T_0.7;
    %flag_set/vec4 8;
    %jmp/0xz  T_0.5, 8;
    %pushi/vec4 0, 0, 1;
    %assign/vec4 v0x299556d0_0, 0;
    %pushi/vec4 1, 0, 1;
    %assign/vec4 v0x29955790_0, 0;
    %jmp T_0.6;
T_0.5 ;
    %pushi/vec4 0, 0, 1;
    %assign/vec4 v0x299556d0_0, 0;
    %pushi/vec4 0, 0, 1;
    %assign/vec4 v0x29955790_0, 0;
T_0.6 ;
T_0.3 ;
    %load/vec4 v0x299556d0_0;
    %flag_set/vec4 8;
    %jmp/0xz  T_0.8, 8;
    %pushi/vec4 255, 0, 8;
    %assign/vec4 v0x299277b0_0, 0;
    %pushi/vec4 0, 0, 8;
    %assign/vec4 v0x29955850_0, 0;
    %jmp T_0.9;
T_0.8 ;
    %load/vec4 v0x29955790_0;
    %flag_set/vec4 8;
    %jmp/0xz  T_0.10, 8;
    %pushi/vec4 180, 0, 8;
    %assign/vec4 v0x29955850_0, 0;
    %pushi/vec4 0, 0, 8;
    %assign/vec4 v0x299277b0_0, 0;
    %jmp T_0.11;
T_0.10 ;
    %pushi/vec4 100, 0, 8;
    %assign/vec4 v0x29955850_0, 0;
    %pushi/vec4 0, 0, 8;
    %assign/vec4 v0x299277b0_0, 0;
T_0.11 ;
T_0.9 ;
T_0.1 ;
    %jmp T_0;
    .thread T_0;
    .scope S_0x298faf30;
T_1 ;
    %delay 5000, 0;
    %load/vec4 v0x29955bd0_0;
    %inv;
    %store/vec4 v0x29955bd0_0, 0, 1;
    %jmp T_1;
    .thread T_1;
    .scope S_0x298faf30;
T_2 ;
    %pushi/vec4 0, 0, 1;
    %store/vec4 v0x29955bd0_0, 0, 1;
    %pushi/vec4 1, 0, 1;
    %store/vec4 v0x29955e70_0, 0, 1;
    %pushi/vec4 0, 0, 16;
    %store/vec4 v0x29955fe0_0, 0, 16;
    %pushi/vec4 0, 0, 16;
    %store/vec4 v0x29955da0_0, 0, 16;
    %pushi/vec4 0, 0, 16;
    %store/vec4 v0x29955ca0_0, 0, 16;
    %delay 20000, 0;
    %pushi/vec4 0, 0, 1;
    %store/vec4 v0x29955e70_0, 0, 1;
    %pushi/vec4 60, 0, 16;
    %store/vec4 v0x29955fe0_0, 0, 16;
    %pushi/vec4 60, 0, 16;
    %store/vec4 v0x29955da0_0, 0, 16;
    %pushi/vec4 100, 0, 16;
    %store/vec4 v0x29955ca0_0, 0, 16;
    %delay 50000, 0;
    %pushi/vec4 60, 0, 16;
    %store/vec4 v0x29955fe0_0, 0, 16;
    %pushi/vec4 50, 0, 16;
    %store/vec4 v0x29955da0_0, 0, 16;
    %pushi/vec4 50, 0, 16;
    %store/vec4 v0x29955ca0_0, 0, 16;
    %delay 50000, 0;
    %pushi/vec4 50, 0, 16;
    %store/vec4 v0x29955fe0_0, 0, 16;
    %pushi/vec4 70, 0, 16;
    %store/vec4 v0x29955da0_0, 0, 16;
    %pushi/vec4 120, 0, 16;
    %store/vec4 v0x29955ca0_0, 0, 16;
    %delay 50000, 0;
    %pushi/vec4 80, 0, 16;
    %store/vec4 v0x29955fe0_0, 0, 16;
    %pushi/vec4 50, 0, 16;
    %store/vec4 v0x29955da0_0, 0, 16;
    %pushi/vec4 40, 0, 16;
    %store/vec4 v0x29955ca0_0, 0, 16;
    %delay 50000, 0;
    %pushi/vec4 60, 0, 16;
    %store/vec4 v0x29955fe0_0, 0, 16;
    %pushi/vec4 60, 0, 16;
    %store/vec4 v0x29955da0_0, 0, 16;
    %pushi/vec4 90, 0, 16;
    %store/vec4 v0x29955ca0_0, 0, 16;
    %delay 50000, 0;
    %vpi_call 2 70 "$finish" {0 0 0};
    %end;
    .thread T_2;
    .scope S_0x298faf30;
T_3 ;
    %vpi_call 2 73 "$dumpfile", "output/acc_pipeline_tb.vcd" {0 0 0};
    %vpi_call 2 74 "$dumpvars", 32'sb00000000000000000000000000000000, S_0x298faf30 {0 0 0};
    %end;
    .thread T_3;
# The file index is used to find the file name in the following table.
:file_names 4;
    "N/A";
    "<interactive>";
    "/src/testbench.v";
    "/src/your_design.v";
