#! /usr/local/bin/vvp
:ivl_version "13.0 (devel)" "(s20221226-533-g676b36e45)";
:ivl_delay_selection "TYPICAL";
:vpi_time_precision - 12;
:vpi_module "/usr/local/lib/ivl/system.vpi";
:vpi_module "/usr/local/lib/ivl/vhdl_sys.vpi";
:vpi_module "/usr/local/lib/ivl/vhdl_textio.vpi";
:vpi_module "/usr/local/lib/ivl/v2005_math.vpi";
:vpi_module "/usr/local/lib/ivl/va_math.vpi";
S_0xe9a5f30 .scope module, "ALU_tb" "ALU_tb" 2 2;
 .timescale -9 -12;
P_0xe9a60c0 .param/l "WIDTH" 0 2 3, +C4<00000000000000000000000000001000>;
v0xe9f8940_0 .var "A", 7 0;
v0xe9f8a50_0 .net "ALU_Out", 7 0, v0xe9f84e0_0;  1 drivers
v0xe9f8b20_0 .var "ALU_Sel", 2 0;
v0xe9f8c20_0 .var "B", 7 0;
v0xe9f8cf0_0 .net "Zero", 0 0, v0xe9f8790_0;  1 drivers
S_0xe9a6160 .scope module, "uut" "ALU" 2 10, 3 3 0, S_0xe9a5f30;
 .timescale -9 -12;
    .port_info 0 /INPUT 8 "A";
    .port_info 1 /INPUT 8 "B";
    .port_info 2 /INPUT 3 "ALU_Sel";
    .port_info 3 /OUTPUT 8 "ALU_Out";
    .port_info 4 /OUTPUT 1 "Zero";
P_0xe9a6340 .param/l "WIDTH" 0 3 3, +C4<00000000000000000000000000001000>;
v0xe9cfa10_0 .net "A", 7 0, v0xe9f8940_0;  1 drivers
v0xe9f84e0_0 .var "ALU_Out", 7 0;
v0xe9f85c0_0 .net "ALU_Sel", 2 0, v0xe9f8b20_0;  1 drivers
v0xe9f86b0_0 .net "B", 7 0, v0xe9f8c20_0;  1 drivers
v0xe9f8790_0 .var "Zero", 0 0;
E_0xe9e3250 .event anyedge, v0xe9f84e0_0;
E_0xe9e2de0 .event anyedge, v0xe9f85c0_0, v0xe9cfa10_0, v0xe9f86b0_0;
    .scope S_0xe9a6160;
T_0 ;
    %wait E_0xe9e2de0;
    %load/vec4 v0xe9f85c0_0;
    %dup/vec4;
    %pushi/vec4 0, 0, 3;
    %cmp/u;
    %jmp/1 T_0.0, 6;
    %dup/vec4;
    %pushi/vec4 1, 0, 3;
    %cmp/u;
    %jmp/1 T_0.1, 6;
    %dup/vec4;
    %pushi/vec4 2, 0, 3;
    %cmp/u;
    %jmp/1 T_0.2, 6;
    %dup/vec4;
    %pushi/vec4 3, 0, 3;
    %cmp/u;
    %jmp/1 T_0.3, 6;
    %dup/vec4;
    %pushi/vec4 4, 0, 3;
    %cmp/u;
    %jmp/1 T_0.4, 6;
    %dup/vec4;
    %pushi/vec4 5, 0, 3;
    %cmp/u;
    %jmp/1 T_0.5, 6;
    %dup/vec4;
    %pushi/vec4 6, 0, 3;
    %cmp/u;
    %jmp/1 T_0.6, 6;
    %dup/vec4;
    %pushi/vec4 7, 0, 3;
    %cmp/u;
    %jmp/1 T_0.7, 6;
    %pushi/vec4 0, 0, 8;
    %store/vec4 v0xe9f84e0_0, 0, 8;
    %jmp T_0.9;
T_0.0 ;
    %load/vec4 v0xe9cfa10_0;
    %load/vec4 v0xe9f86b0_0;
    %add;
    %store/vec4 v0xe9f84e0_0, 0, 8;
    %jmp T_0.9;
T_0.1 ;
    %load/vec4 v0xe9cfa10_0;
    %load/vec4 v0xe9f86b0_0;
    %sub;
    %store/vec4 v0xe9f84e0_0, 0, 8;
    %jmp T_0.9;
T_0.2 ;
    %load/vec4 v0xe9cfa10_0;
    %load/vec4 v0xe9f86b0_0;
    %and;
    %store/vec4 v0xe9f84e0_0, 0, 8;
    %jmp T_0.9;
T_0.3 ;
    %load/vec4 v0xe9cfa10_0;
    %load/vec4 v0xe9f86b0_0;
    %or;
    %store/vec4 v0xe9f84e0_0, 0, 8;
    %jmp T_0.9;
T_0.4 ;
    %load/vec4 v0xe9cfa10_0;
    %load/vec4 v0xe9f86b0_0;
    %xor;
    %store/vec4 v0xe9f84e0_0, 0, 8;
    %jmp T_0.9;
T_0.5 ;
    %load/vec4 v0xe9cfa10_0;
    %ix/load 4, 1, 0;
    %flag_set/imm 4, 0;
    %shiftl 4;
    %store/vec4 v0xe9f84e0_0, 0, 8;
    %jmp T_0.9;
T_0.6 ;
    %load/vec4 v0xe9cfa10_0;
    %ix/load 4, 1, 0;
    %flag_set/imm 4, 0;
    %shiftr 4;
    %store/vec4 v0xe9f84e0_0, 0, 8;
    %jmp T_0.9;
T_0.7 ;
    %load/vec4 v0xe9cfa10_0;
    %load/vec4 v0xe9f86b0_0;
    %cmp/u;
    %flag_mov 8, 5;
    %jmp/0 T_0.10, 8;
    %pushi/vec4 1, 0, 8;
    %jmp/1 T_0.11, 8;
T_0.10 ; End of true expr.
    %pushi/vec4 0, 0, 8;
    %jmp/0 T_0.11, 8;
 ; End of false expr.
    %blend;
T_0.11;
    %store/vec4 v0xe9f84e0_0, 0, 8;
    %jmp T_0.9;
T_0.9 ;
    %pop/vec4 1;
    %jmp T_0;
    .thread T_0, $push;
    .scope S_0xe9a6160;
T_1 ;
    %wait E_0xe9e3250;
    %load/vec4 v0xe9f84e0_0;
    %pad/u 32;
    %cmpi/e 0, 0, 32;
    %flag_mov 8, 4;
    %jmp/0 T_1.0, 8;
    %pushi/vec4 1, 0, 2;
    %jmp/1 T_1.1, 8;
T_1.0 ; End of true expr.
    %pushi/vec4 0, 0, 2;
    %jmp/0 T_1.1, 8;
 ; End of false expr.
    %blend;
T_1.1;
    %pad/s 1;
    %store/vec4 v0xe9f8790_0, 0, 1;
    %jmp T_1;
    .thread T_1, $push;
    .scope S_0xe9a5f30;
T_2 ;
    %pushi/vec4 5, 0, 8;
    %store/vec4 v0xe9f8940_0, 0, 8;
    %pushi/vec4 3, 0, 8;
    %store/vec4 v0xe9f8c20_0, 0, 8;
    %pushi/vec4 0, 0, 3;
    %store/vec4 v0xe9f8b20_0, 0, 3;
    %delay 10000, 0;
    %pushi/vec4 1, 0, 3;
    %store/vec4 v0xe9f8b20_0, 0, 3;
    %delay 10000, 0;
    %pushi/vec4 2, 0, 3;
    %store/vec4 v0xe9f8b20_0, 0, 3;
    %delay 10000, 0;
    %pushi/vec4 3, 0, 3;
    %store/vec4 v0xe9f8b20_0, 0, 3;
    %delay 10000, 0;
    %pushi/vec4 4, 0, 3;
    %store/vec4 v0xe9f8b20_0, 0, 3;
    %delay 10000, 0;
    %pushi/vec4 5, 0, 3;
    %store/vec4 v0xe9f8b20_0, 0, 3;
    %delay 10000, 0;
    %pushi/vec4 6, 0, 3;
    %store/vec4 v0xe9f8b20_0, 0, 3;
    %delay 10000, 0;
    %pushi/vec4 7, 0, 3;
    %store/vec4 v0xe9f8b20_0, 0, 3;
    %delay 10000, 0;
    %pushi/vec4 2, 0, 8;
    %store/vec4 v0xe9f8940_0, 0, 8;
    %pushi/vec4 4, 0, 8;
    %store/vec4 v0xe9f8c20_0, 0, 8;
    %pushi/vec4 7, 0, 3;
    %store/vec4 v0xe9f8b20_0, 0, 3;
    %delay 10000, 0;
    %pushi/vec4 0, 0, 8;
    %store/vec4 v0xe9f8940_0, 0, 8;
    %pushi/vec4 0, 0, 8;
    %store/vec4 v0xe9f8c20_0, 0, 8;
    %pushi/vec4 0, 0, 3;
    %store/vec4 v0xe9f8b20_0, 0, 3;
    %delay 10000, 0;
    %vpi_call 2 29 "$finish" {0 0 0};
    %end;
    .thread T_2;
    .scope S_0xe9a5f30;
T_3 ;
    %vpi_call 2 38 "$dumpfile", "output/ALU_tb.vcd" {0 0 0};
    %vpi_call 2 39 "$dumpvars", 32'sb00000000000000000000000000000000, S_0xe9a5f30 {0 0 0};
    %end;
    .thread T_3;
# The file index is used to find the file name in the following table.
:file_names 4;
    "N/A";
    "<interactive>";
    "/src/testbench.v";
    "/src/your_design.v";
